
CRITICAL - 2025-01-26 03:17:20 --> Class 'App\Controllers\FollowerModel' not found
#0 /var/www/html/owl_share/system/CodeIgniter.php(936): App\Controllers\Post->view('data-1')
#1 /var/www/html/owl_share/system/CodeIgniter.php(432): CodeIgniter\CodeIgniter->runController(Object(App\Controllers\Post))
#2 /var/www/html/owl_share/system/CodeIgniter.php(333): CodeIgniter\CodeIgniter->handleRequest(NULL, Object(Config\Cache), false)
#3 /var/www/html/owl_share/public/index.php(44): CodeIgniter\CodeIgniter->run()
#4 {main}
CRITICAL - 2025-01-26 03:17:48 --> syntax error, unexpected ''followers'' (T_CONSTANT_ENCAPSED_STRING), expecting ']'
#0 /var/www/html/owl_share/system/Router/Router.php(170): CodeIgniter\Router\Router->autoRoute('post/getReactio...')
#1 /var/www/html/owl_share/system/CodeIgniter.php(816): CodeIgniter\Router\Router->handle('post/getReactio...')
#2 /var/www/html/owl_share/system/CodeIgniter.php(385): CodeIgniter\CodeIgniter->tryToRouteIt(Object(CodeIgniter\Router\RouteCollection))
#3 /var/www/html/owl_share/system/CodeIgniter.php(333): CodeIgniter\CodeIgniter->handleRequest(NULL, Object(Config\Cache), false)
#4 /var/www/html/owl_share/public/index.php(44): CodeIgniter\CodeIgniter->run()
#5 {main}
CRITICAL - 2025-01-26 03:17:48 --> syntax error, unexpected ''followers'' (T_CONSTANT_ENCAPSED_STRING), expecting ']'
#0 /var/www/html/owl_share/system/Autoloader/Autoloader.php(265): CodeIgniter\Autoloader\Autoloader->includeFile('/var/www/html/o...')
#1 /var/www/html/owl_share/system/Autoloader/Autoloader.php(228): CodeIgniter\Autoloader\Autoloader->loadInNamespace('App\\Controllers...')
#2 [internal function]: CodeIgniter\Autoloader\Autoloader->loadClass('App\\Controllers...')
#3 [internal function]: spl_autoload_call('App\\Controllers...')
#4 /var/www/html/owl_share/system/CodeIgniter.php(893): class_exists('\\App\\Controller...', true)
#5 /var/www/html/owl_share/system/CodeIgniter.php(417): CodeIgniter\CodeIgniter->startController()
#6 /var/www/html/owl_share/system/CodeIgniter.php(333): CodeIgniter\CodeIgniter->handleRequest(NULL, Object(Config\Cache), false)
#7 /var/www/html/owl_share/public/index.php(44): CodeIgniter\CodeIgniter->run()
#8 {main}
CRITICAL - 2025-01-26 03:17:48 --> syntax error, unexpected ''followers'' (T_CONSTANT_ENCAPSED_STRING), expecting ']'
#0 /var/www/html/owl_share/system/Router/Router.php(170): CodeIgniter\Router\Router->autoRoute('post/getReactio...')
#1 /var/www/html/owl_share/system/CodeIgniter.php(816): CodeIgniter\Router\Router->handle('post/getReactio...')
#2 /var/www/html/owl_share/system/CodeIgniter.php(385): CodeIgniter\CodeIgniter->tryToRouteIt(Object(CodeIgniter\Router\RouteCollection))
#3 /var/www/html/owl_share/system/CodeIgniter.php(333): CodeIgniter\CodeIgniter->handleRequest(NULL, Object(Config\Cache), false)
#4 /var/www/html/owl_share/public/index.php(44): CodeIgniter\CodeIgniter->run()
#5 {main}
CRITICAL - 2025-01-26 03:17:50 --> syntax error, unexpected ''followers'' (T_CONSTANT_ENCAPSED_STRING), expecting ']'
#0 /var/www/html/owl_share/system/Autoloader/Autoloader.php(265): CodeIgniter\Autoloader\Autoloader->includeFile('/var/www/html/o...')
#1 /var/www/html/owl_share/system/Autoloader/Autoloader.php(228): CodeIgniter\Autoloader\Autoloader->loadInNamespace('App\\Controllers...')
#2 [internal function]: CodeIgniter\Autoloader\Autoloader->loadClass('App\\Controllers...')
#3 [internal function]: spl_autoload_call('App\\Controllers...')
#4 /var/www/html/owl_share/system/CodeIgniter.php(893): class_exists('\\App\\Controller...', true)
#5 /var/www/html/owl_share/system/CodeIgniter.php(417): CodeIgniter\CodeIgniter->startController()
#6 /var/www/html/owl_share/system/CodeIgniter.php(333): CodeIgniter\CodeIgniter->handleRequest(NULL, Object(Config\Cache), false)
#7 /var/www/html/owl_share/public/index.php(44): CodeIgniter\CodeIgniter->run()
#8 {main}
CRITICAL - 2025-01-26 03:17:53 --> syntax error, unexpected ''followers'' (T_CONSTANT_ENCAPSED_STRING), expecting ']'
#0 /var/www/html/owl_share/system/Router/Router.php(170): CodeIgniter\Router\Router->autoRoute('post/getReactio...')
#1 /var/www/html/owl_share/system/CodeIgniter.php(816): CodeIgniter\Router\Router->handle('post/getReactio...')
#2 /var/www/html/owl_share/system/CodeIgniter.php(385): CodeIgniter\CodeIgniter->tryToRouteIt(Object(CodeIgniter\Router\RouteCollection))
#3 /var/www/html/owl_share/system/CodeIgniter.php(333): CodeIgniter\CodeIgniter->handleRequest(NULL, Object(Config\Cache), false)
#4 /var/www/html/owl_share/public/index.php(44): CodeIgniter\CodeIgniter->run()
#5 {main}
CRITICAL - 2025-01-26 03:17:53 --> syntax error, unexpected ''followers'' (T_CONSTANT_ENCAPSED_STRING), expecting ']'
#0 /var/www/html/owl_share/system/Router/Router.php(170): CodeIgniter\Router\Router->autoRoute('post/getReactio...')
#1 /var/www/html/owl_share/system/CodeIgniter.php(816): CodeIgniter\Router\Router->handle('post/getReactio...')
#2 /var/www/html/owl_share/system/CodeIgniter.php(385): CodeIgniter\CodeIgniter->tryToRouteIt(Object(CodeIgniter\Router\RouteCollection))
#3 /var/www/html/owl_share/system/CodeIgniter.php(333): CodeIgniter\CodeIgniter->handleRequest(NULL, Object(Config\Cache), false)
#4 /var/www/html/owl_share/public/index.php(44): CodeIgniter\CodeIgniter->run()
#5 {main}
CRITICAL - 2025-01-26 03:17:58 --> syntax error, unexpected ''followers'' (T_CONSTANT_ENCAPSED_STRING), expecting ']'
#0 /var/www/html/owl_share/system/Router/Router.php(170): CodeIgniter\Router\Router->autoRoute('post/getReactio...')
#1 /var/www/html/owl_share/system/CodeIgniter.php(816): CodeIgniter\Router\Router->handle('post/getReactio...')
#2 /var/www/html/owl_share/system/CodeIgniter.php(385): CodeIgniter\CodeIgniter->tryToRouteIt(Object(CodeIgniter\Router\RouteCollection))
#3 /var/www/html/owl_share/system/CodeIgniter.php(333): CodeIgniter\CodeIgniter->handleRequest(NULL, Object(Config\Cache), false)
#4 /var/www/html/owl_share/public/index.php(44): CodeIgniter\CodeIgniter->run()
#5 {main}
CRITICAL - 2025-01-26 03:17:58 --> syntax error, unexpected ''followers'' (T_CONSTANT_ENCAPSED_STRING), expecting ']'
#0 /var/www/html/owl_share/system/Router/Router.php(170): CodeIgniter\Router\Router->autoRoute('post/getReactio...')
#1 /var/www/html/owl_share/system/CodeIgniter.php(816): CodeIgniter\Router\Router->handle('post/getReactio...')
#2 /var/www/html/owl_share/system/CodeIgniter.php(385): CodeIgniter\CodeIgniter->tryToRouteIt(Object(CodeIgniter\Router\RouteCollection))
#3 /var/www/html/owl_share/system/CodeIgniter.php(333): CodeIgniter\CodeIgniter->handleRequest(NULL, Object(Config\Cache), false)
#4 /var/www/html/owl_share/public/index.php(44): CodeIgniter\CodeIgniter->run()
#5 {main}
ERROR - 2025-01-26 03:25:04 --> [Post::view] Error: Division by zero
ERROR - 2025-01-26 03:25:07 --> [Post::view] Error: Division by zero
ERROR - 2025-01-26 03:25:57 --> [Post::view] Error: Division by zero
ERROR - 2025-01-26 03:34:24 --> [Post::view] Error: Division by zero
ERROR - 2025-01-26 03:34:29 --> [Post::view] Error: Division by zero
ERROR - 2025-01-26 22:23:57 --> [Post::view] Error: Division by zero
ERROR - 2025-01-26 22:47:25 --> [Post::view] Error: Division by zero
ERROR - 2025-01-26 22:48:18 --> Invalid input: {"post_id":32,"reaction_type":"like","user_id":null}
